<?xml version="1.0" encoding="UTF-8"?>
<!-- Generated by org.testng.reporters.JUnitReportReporter -->
<testsuite skipped="0" hostname="DESKTOP-PTINUE1" name="com.syntax.test.TestNgtest" tests="1" failures="0" timestamp="2020-05-19T13:57:06 MDT" time="0.028" errors="0">
  <testcase name="hello" time="0.028" classname="com.syntax.test.TestNgtest"/>
  <system-out/>
</testsuite> <!-- com.syntax.test.TestNgtest -->
